#
# A fatal error has been detected by the Java Runtime Environment:
#
#  EXCEPTION_ACCESS_VIOLATION (0xc0000005) at pc=0x000000006db4b61a, pid=176, tid=0x00000000000004b0
#
# JRE version: Java(TM) SE Runtime Environment (8.0_161-b12) (build 1.8.0_161-b12)
# Java VM: Java HotSpot(TM) 64-Bit Server VM (25.161-b12 mixed mode windows-amd64 compressed oops)
# Problematic frame:
# V  [jvm.dll+0x13b61a]
#
# Failed to write core dump. Minidumps are not enabled by default on client versions of Windows
#
# If you would like to submit a bug report, please visit:
#   http://bugreport.java.com/bugreport/crash.jsp
#

---------------  T H R E A D  ---------------

Current thread (0x00000000564a7800):  JavaThread "AWT-EventQueue-0" [_thread_in_vm, id=1200, stack(0x0000000057100000,0x0000000057200000)]

siginfo: ExceptionCode=0xc0000005, reading address 0x0000000000000000

Registers:
RAX=0x0000000000000000, RBX=0x00000000561f2cf0, RCX=0x0000000000000000, RDX=0x0000000000000000
RSP=0x00000000571fdac0, RBP=0x0000000055715c80, RSI=0x0000000055715c70, RDI=0x00000000023858f0
R8 =0x0000000000000000, R9 =0x0000000000000000, R10=0x0000000000000000, R11=0x0000000000000000
R12=0x0000000055716058, R13=0x00000000564a7800, R14=0x00000000000003d8, R15=0x0000000000000000
RIP=0x000000006db4b61a, EFLAGS=0x0000000000010206

Top of Stack: (sp=0x00000000571fdac0)
0x00000000571fdac0:   0000000013986520 00000000024137d0
0x00000000571fdad0:   0000000002388800 00000000571fddd0
0x00000000571fdae0:   00000000023858f0 000000006dacf1bf
0x00000000571fdaf0:   00000000561f2cf0 0000000000000000
0x00000000571fdb00:   0000000000000000 00000000564a7800
0x00000000571fdb10:   00000000564a7800 00000000000000b6
0x00000000571fdb20:   000000006dff6d78 0000000002388d00
0x00000000571fdb30:   0000000000000000 0000000055716058
0x00000000571fdb40:   0000000055715c80 00000000000003d8
0x00000000571fdb50:   0000000000000000 000000006db0beff
0x00000000571fdb60:   00000000564a7800 00000000561f2d30
0x00000000571fdb70:   00000000559cd930 00000000559cd958
0x00000000571fdb80:   00000000559cda18 00000000000000d8
0x00000000571fdb90:   00000000571fe5b8 000000006db0ca11
0x00000000571fdba0:   000000000003cb70 000000006db1b816
0x00000000571fdbb0:   0000000013986520 0000000053ba3ca8 

Instructions: (pc=0x000000006db4b61a)
0x000000006db4b5fa:   ff ca 88 41 ff 75 ef 43 c6 04 10 00 49 8b c2 c3
0x000000006db4b60a:   cc cc cc cc cc cc 48 89 5c 24 08 57 48 83 ec 20
0x000000006db4b61a:   0f b7 39 48 8b d9 33 d2 ff c7 48 63 cf e8 c4 18
0x000000006db4b62a:   fb ff 4c 8b d8 85 ff 7e 45 44 0f b7 03 8d 57 ff 


Register to memory mapping:

RAX=0x0000000000000000 is an unknown value
RBX=0x00000000561f2cf0 is an unknown value
RCX=0x0000000000000000 is an unknown value
RDX=0x0000000000000000 is an unknown value
RSP=0x00000000571fdac0 is pointing into the stack for thread: 0x00000000564a7800
RBP=0x0000000055715c80 is an unknown value
RSI=0x0000000055715c70 is an unknown value
RDI=0x00000000023858f0 is an unknown value
R8 =0x0000000000000000 is an unknown value
R9 =0x0000000000000000 is an unknown value
R10=0x0000000000000000 is an unknown value
R11=0x0000000000000000 is an unknown value
R12=0x0000000055716058 is an unknown value
R13=0x00000000564a7800 is a thread
R14=0x00000000000003d8 is an unknown value
R15=0x0000000000000000 is an unknown value


Stack: [0x0000000057100000,0x0000000057200000],  sp=0x00000000571fdac0,  free space=1014k
Native frames: (J=compiled Java code, j=interpreted, Vv=VM code, C=native code)
V  [jvm.dll+0x13b61a]
V  [jvm.dll+0xbf1bf]
V  [jvm.dll+0xc0ad2]
V  [jvm.dll+0xba270]
C  0x00000000029b20fa

Java frames: (J=compiled Java code, j=interpreted, Vv=VM code)
j  java.awt.BorderLayout.preferredLayoutSize(Ljava/awt/Container;)Ljava/awt/Dimension;+337
j  java.awt.Container.preferredSize()Ljava/awt/Dimension;+43
j  java.awt.Container.getPreferredSize()Ljava/awt/Dimension;+1
j  java.awt.Window.pack()V+32
j  view.frmPrincipal.initComponents()V+2006
j  view.frmPrincipal.<init>()V+27
j  view.frmPrincipal$19.run()V+4
j  java.awt.event.InvocationEvent.dispatch()V+47
j  java.awt.EventQueue.dispatchEventImpl(Ljava/awt/AWTEvent;Ljava/lang/Object;)V+21
j  java.awt.EventQueue.access$500(Ljava/awt/EventQueue;Ljava/awt/AWTEvent;Ljava/lang/Object;)V+3
j  java.awt.EventQueue$3.run()Ljava/lang/Void;+32
j  java.awt.EventQueue$3.run()Ljava/lang/Object;+1
v  ~StubRoutines::call_stub
j  java.security.AccessController.doPrivileged(Ljava/security/PrivilegedAction;Ljava/security/AccessControlContext;)Ljava/lang/Object;+0
j  java.security.ProtectionDomain$JavaSecurityAccessImpl.doIntersectionPrivilege(Ljava/security/PrivilegedAction;Ljava/security/AccessControlContext;Ljava/security/AccessControlContext;)Ljava/lang/Object;+18
j  java.awt.EventQueue.dispatchEvent(Ljava/awt/AWTEvent;)V+46
j  java.awt.EventDispatchThread.pumpOneEventForFilters(I)V+245
j  java.awt.EventDispatchThread.pumpEventsForFilter(ILjava/awt/Conditional;Ljava/awt/EventFilter;)V+35
j  java.awt.EventDispatchThread.pumpEventsForHierarchy(ILjava/awt/Conditional;Ljava/awt/Component;)V+11
j  java.awt.EventDispatchThread.pumpEvents(ILjava/awt/Conditional;)V+4
j  java.awt.EventDispatchThread.pumpEvents(Ljava/awt/Conditional;)V+3
j  java.awt.EventDispatchThread.run()V+9
v  ~StubRoutines::call_stub

---------------  P R O C E S S  ---------------

Java Threads: ( => current thread )
  0x0000000058b12000 JavaThread "Image Fetcher 2" daemon [_thread_blocked, id=968, stack(0x0000000059c90000,0x0000000059d90000)]
  0x000000005668f000 JavaThread "Image Fetcher 1" daemon [_thread_blocked, id=1008, stack(0x0000000059ad0000,0x0000000059bd0000)]
  0x00000000564ec000 JavaThread "Image Fetcher 0" daemon [_thread_blocked, id=3664, stack(0x0000000058760000,0x0000000058860000)]
  0x0000000002343800 JavaThread "DestroyJavaVM" [_thread_blocked, id=3000, stack(0x00000000025c0000,0x00000000026c0000)]
=>0x00000000564a7800 JavaThread "AWT-EventQueue-0" [_thread_in_vm, id=1200, stack(0x0000000057100000,0x0000000057200000)]
  0x0000000056319000 JavaThread "AWT-Windows" daemon [_thread_in_native, id=452, stack(0x0000000056a60000,0x0000000056b60000)]
  0x00000000563e1800 JavaThread "AWT-Shutdown" [_thread_blocked, id=3008, stack(0x0000000056860000,0x0000000056960000)]
  0x0000000056317000 JavaThread "Java2D Disposer" daemon [_thread_blocked, id=2108, stack(0x0000000055c60000,0x0000000055d60000)]
  0x000000005574a000 JavaThread "Service Thread" daemon [_thread_blocked, id=1472, stack(0x0000000055b60000,0x0000000055c60000)]
  0x00000000542e9800 JavaThread "C1 CompilerThread1" daemon [_thread_blocked, id=3608, stack(0x0000000055610000,0x0000000055710000)]
  0x0000000054293000 JavaThread "C2 CompilerThread0" daemon [_thread_blocked, id=196, stack(0x0000000055470000,0x0000000055570000)]
  0x0000000054291000 JavaThread "Attach Listener" daemon [_thread_blocked, id=3024, stack(0x00000000551f0000,0x00000000552f0000)]
  0x000000005428f800 JavaThread "Signal Dispatcher" daemon [_thread_blocked, id=3264, stack(0x00000000550f0000,0x00000000551f0000)]
  0x0000000054274000 JavaThread "Finalizer" daemon [_thread_blocked, id=3956, stack(0x0000000054cc0000,0x0000000054dc0000)]
  0x000000005422b000 JavaThread "Reference Handler" daemon [_thread_blocked, id=3752, stack(0x0000000054f70000,0x0000000055070000)]

Other Threads:
  0x0000000054223000 VMThread [stack: 0x0000000054e10000,0x0000000054f10000] [id=3620]
  0x000000005574b000 WatcherThread [stack: 0x0000000055d90000,0x0000000055e90000] [id=2296]

VM state:not at safepoint (normal execution)

VM Mutex/Monitor currently owned by a thread: None

Heap:
 PSYoungGen      total 13312K, used 10221K [0x00000000f1580000, 0x00000000f2400000, 0x0000000100000000)
  eden space 11776K, 86% used [0x00000000f1580000,0x00000000f1f7b500,0x00000000f2100000)
  from space 1536K, 0% used [0x00000000f2280000,0x00000000f2280000,0x00000000f2400000)
  to   space 1536K, 0% used [0x00000000f2100000,0x00000000f2100000,0x00000000f2280000)
 ParOldGen       total 30208K, used 0K [0x00000000d4000000, 0x00000000d5d80000, 0x00000000f1580000)
  object space 30208K, 0% used [0x00000000d4000000,0x00000000d4000000,0x00000000d5d80000)
 Metaspace       used 12014K, capacity 12324K, committed 12416K, reserved 1060864K
  class space    used 1525K, capacity 1616K, committed 1664K, reserved 1048576K

Card table byte_map: [0x0000000002420000,0x0000000002590000] byte_map_base: 0x0000000001d80000

Marking Bits: (ParMarkBitMap*) 0x000000006e22f860
 Begin Bits: [0x0000000012190000, 0x0000000012c90000)
 End Bits:   [0x0000000012c90000, 0x0000000013790000)

Polling page: 0x0000000000230000

CodeCache: size=245760Kb used=2565Kb max_used=2565Kb free=243194Kb
 bounds [0x0000000002990000, 0x0000000002c20000, 0x0000000011990000]
 total_blobs=1102 nmethods=623 adapters=394
 compilation: enabled

Compilation events (10 events):
Event: 4.572 Thread 0x00000000542e9800  618       1       java.nio.channels.spi.AbstractInterruptibleChannel::isOpen (5 bytes)
Event: 4.573 Thread 0x00000000542e9800 nmethod 618 0x0000000002c10350 code [0x0000000002c104a0, 0x0000000002c105b0]
Event: 4.583 Thread 0x00000000542e9800  619       3       sun.misc.SharedSecrets::getJavaLangAccess (4 bytes)
Event: 4.583 Thread 0x00000000542e9800 nmethod 619 0x0000000002c10610 code [0x0000000002c10760, 0x0000000002c10890]
Event: 4.583 Thread 0x00000000542e9800  620       1       sun.nio.ch.NativeThread::current (2 bytes)
Event: 4.583 Thread 0x00000000542e9800 nmethod 620 0x0000000002c10910 code [0x0000000002c10a60, 0x0000000002c10b50]
Event: 4.584 Thread 0x00000000542e9800  621       3       java.nio.channels.spi.AbstractInterruptibleChannel::blockedOn (13 bytes)
Event: 4.585 Thread 0x00000000542e9800 nmethod 621 0x0000000002c10b90 code [0x0000000002c10d20, 0x0000000002c11210]
Event: 4.585 Thread 0x00000000542e9800  622       3       java.lang.System$2::blockedOn (6 bytes)
Event: 4.586 Thread 0x00000000542e9800 nmethod 622 0x0000000002c11410 code [0x0000000002c11580, 0x0000000002c11970]

GC Heap History (0 events):
No events

Deoptimization events (2 events):
Event: 0.902 Thread 0x0000000002343800 Uncommon trap: reason=unstable_if action=reinterpret pc=0x0000000002a933d0 method=java.lang.String.hashCode()I @ 14
Event: 3.585 Thread 0x00000000564a7800 Uncommon trap: reason=unstable_if action=reinterpret pc=0x0000000002b7c40c method=java.util.HashMap.putVal(ILjava/lang/Object;Ljava/lang/Object;ZZ)Ljava/lang/Object; @ 109

Classes redefined (0 events):
No events

Internal exceptions (10 events):
Event: 2.763 Thread 0x0000000002343800 Exception <a 'java/lang/ClassNotFoundException': ToolBar> (0x00000000f1b39c48) thrown at [C:\re\workspace\8-2-build-windows-amd64-cygwin\jdk8u161\10277\hotspot\src\share\vm\classfile\systemDictionary.cpp, line 210]
Event: 2.764 Thread 0x0000000002343800 Exception <a 'java/lang/ClassNotFoundException': ToggleButton> (0x00000000f1b3a1f8) thrown at [C:\re\workspace\8-2-build-windows-amd64-cygwin\jdk8u161\10277\hotspot\src\share\vm\classfile\systemDictionary.cpp, line 210]
Event: 2.764 Thread 0x0000000002343800 Exception <a 'java/lang/ClassNotFoundException': javax/swing/JToolBarSeparator> (0x00000000f1b3a658) thrown at [C:\re\workspace\8-2-build-windows-amd64-cygwin\jdk8u161\10277\hotspot\src\share\vm\classfile\systemDictionary.cpp, line 210]
Event: 2.764 Thread 0x0000000002343800 Exception <a 'java/lang/ClassNotFoundException': ToolBarSeparator> (0x00000000f1b3aaf0) thrown at [C:\re\workspace\8-2-build-windows-amd64-cygwin\jdk8u161\10277\hotspot\src\share\vm\classfile\systemDictionary.cpp, line 210]
Event: 2.765 Thread 0x0000000002343800 Exception <a 'java/lang/ClassNotFoundException': ToolTip> (0x00000000f1b3b230) thrown at [C:\re\workspace\8-2-build-windows-amd64-cygwin\jdk8u161\10277\hotspot\src\share\vm\classfile\systemDictionary.cpp, line 210]
Event: 2.771 Thread 0x0000000002343800 Exception <a 'java/lang/ClassNotFoundException': Tree> (0x00000000f1b3be50) thrown at [C:\re\workspace\8-2-build-windows-amd64-cygwin\jdk8u161\10277\hotspot\src\share\vm\classfile\systemDictionary.cpp, line 210]
Event: 2.771 Thread 0x0000000002343800 Exception <a 'java/lang/ClassNotFoundException': Tree> (0x00000000f1b3c590) thrown at [C:\re\workspace\8-2-build-windows-amd64-cygwin\jdk8u161\10277\hotspot\src\share\vm\classfile\systemDictionary.cpp, line 210]
Event: 2.771 Thread 0x0000000002343800 Exception <a 'java/lang/ClassNotFoundException': javax/swing/JTreeCell> (0x00000000f1b3c910) thrown at [C:\re\workspace\8-2-build-windows-amd64-cygwin\jdk8u161\10277\hotspot\src\share\vm\classfile\systemDictionary.cpp, line 210]
Event: 2.771 Thread 0x0000000002343800 Exception <a 'java/lang/ClassNotFoundException': TreeCell> (0x00000000f1b3cd98) thrown at [C:\re\workspace\8-2-build-windows-amd64-cygwin\jdk8u161\10277\hotspot\src\share\vm\classfile\systemDictionary.cpp, line 210]
Event: 2.778 Thread 0x0000000002343800 Exception <a 'java/lang/ClassNotFoundException': RootPane> (0x00000000f1b3d7f8) thrown at [C:\re\workspace\8-2-build-windows-amd64-cygwin\jdk8u161\10277\hotspot\src\share\vm\classfile\systemDictionary.cpp, line 210]

Events (10 events):
Event: 4.558 loading class sun/font/CMap$CMapFormat4
Event: 4.558 loading class sun/font/CMap$CMapFormat4 done
Event: 4.558 loading class java/nio/ByteBufferAsCharBufferB
Event: 4.559 loading class java/nio/ByteBufferAsCharBufferB done
Event: 4.576 loading class sun/font/FontDesignMetrics$KeyReference
Event: 4.577 loading class sun/font/FontDesignMetrics$KeyReference done
Event: 4.577 loading class sun/swing/MenuItemLayoutHelper$RectSize
Event: 4.578 loading class sun/swing/MenuItemLayoutHelper$RectSize done
Event: 4.578 loading class sun/font/CompositeGlyphMapper
Event: 4.579 loading class sun/font/CompositeGlyphMapper done


Dynamic libraries:
0x000000013ff30000 - 0x000000013ff67000 	C:\Program Files\Java\jdk1.8.0_161\bin\java.exe
0x0000000077350000 - 0x00000000774ef000 	C:\Windows\SYSTEM32\ntdll.dll
0x0000000077230000 - 0x000000007734f000 	C:\Windows\system32\kernel32.dll
0x000007fefd070000 - 0x000007fefd0da000 	C:\Windows\system32\KERNELBASE.dll
0x000007fefefa0000 - 0x000007feff07b000 	C:\Windows\system32\ADVAPI32.dll
0x000007fefd330000 - 0x000007fefd3cf000 	C:\Windows\system32\msvcrt.dll
0x000007fefd6a0000 - 0x000007fefd6bf000 	C:\Windows\SYSTEM32\sechost.dll
0x000007fefd3e0000 - 0x000007fefd50c000 	C:\Windows\system32\RPCRT4.dll
0x0000000077130000 - 0x000000007722a000 	C:\Windows\system32\USER32.dll
0x000007fefd2c0000 - 0x000007fefd327000 	C:\Windows\system32\GDI32.dll
0x000007fefd3d0000 - 0x000007fefd3de000 	C:\Windows\system32\LPK.dll
0x000007fefd1f0000 - 0x000007fefd2bb000 	C:\Windows\system32\USP10.dll
0x000007fefb830000 - 0x000007fefba25000 	C:\Windows\WinSxS\amd64_microsoft.windows.common-controls_6595b64144ccf1df_6.0.7601.24440_none_e36f1bbf30ff0606\COMCTL32.dll
0x000007fefd7f0000 - 0x000007fefd861000 	C:\Windows\system32\SHLWAPI.dll
0x000007fefef70000 - 0x000007fefef9e000 	C:\Windows\system32\IMM32.DLL
0x000007fefe600000 - 0x000007fefe709000 	C:\Windows\system32\MSCTF.dll
0x000000006ea70000 - 0x000000006eb42000 	C:\Program Files\Java\jdk1.8.0_161\jre\bin\msvcr100.dll
0x000000006da10000 - 0x000000006e2af000 	C:\Program Files\Java\jdk1.8.0_161\jre\bin\server\jvm.dll
0x000007feecfc0000 - 0x000007feecfc9000 	C:\Windows\system32\WSOCK32.dll
0x000007fefd6c0000 - 0x000007fefd70d000 	C:\Windows\system32\WS2_32.dll
0x000007fefe8f0000 - 0x000007fefe8f8000 	C:\Windows\system32\NSI.dll
0x000007fef9f60000 - 0x000007fef9f9b000 	C:\Windows\system32\WINMM.dll
0x000007fefbef0000 - 0x000007fefbefc000 	C:\Windows\system32\VERSION.dll
0x0000000077500000 - 0x0000000077507000 	C:\Windows\system32\PSAPI.DLL
0x0000000071960000 - 0x000000007196f000 	C:\Program Files\Java\jdk1.8.0_161\jre\bin\verify.dll
0x0000000071930000 - 0x0000000071959000 	C:\Program Files\Java\jdk1.8.0_161\jre\bin\java.dll
0x000000006edf0000 - 0x000000006ee06000 	C:\Program Files\Java\jdk1.8.0_161\jre\bin\zip.dll
0x000007fefd870000 - 0x000007fefe5fb000 	C:\Windows\system32\SHELL32.dll
0x000007fefec90000 - 0x000007fefee8f000 	C:\Windows\system32\ole32.dll
0x000007fefce40000 - 0x000007fefce4f000 	C:\Windows\system32\profapi.dll
0x0000000070d70000 - 0x0000000070f08000 	C:\Program Files\Java\jdk1.8.0_161\jre\bin\awt.dll
0x000007fefee90000 - 0x000007fefef6b000 	C:\Windows\system32\OLEAUT32.dll
0x000007fefb650000 - 0x000007fefb6a6000 	C:\Windows\system32\uxtheme.dll
0x000007fefb6b0000 - 0x000007fefb6c8000 	C:\Windows\system32\dwmapi.dll
0x000007fefccd0000 - 0x000007fefccdf000 	C:\Windows\system32\CRYPTBASE.dll
0x00000000737e0000 - 0x0000000073827000 	C:\Program Files\Java\jdk1.8.0_161\jre\bin\fontmanager.dll
0x000007fef63f0000 - 0x000007fef650d000 	C:\Windows\system32\opengl32.dll
0x000007fef9410000 - 0x000007fef943d000 	C:\Windows\system32\GLU32.dll
0x000007fef08d0000 - 0x000007fef09c1000 	C:\Windows\system32\DDRAW.dll
0x000007fefab50000 - 0x000007fefab58000 	C:\Windows\system32\DCIMAN32.dll
0x000007fefe710000 - 0x000007fefe8e7000 	C:\Windows\system32\SETUPAPI.dll
0x000007fefce50000 - 0x000007fefce86000 	C:\Windows\system32\CFGMGR32.dll
0x000007fefd0f0000 - 0x000007fefd10a000 	C:\Windows\system32\DEVOBJ.dll
0x000007feec1e0000 - 0x000007feec3df000 	C:\Windows\system32\d3d9.dll
0x000007feed000000 - 0x000007feed007000 	C:\Windows\system32\d3d8thk.dll
0x000007fee85a0000 - 0x000007fee9656000 	C:\Windows\system32\nvd3dumx.dll
0x000007fefb130000 - 0x000007fefb15c000 	C:\Windows\system32\powrprof.dll
0x000007fef6940000 - 0x000007fef6aac000 	C:\Program Files (x86)\NVIDIA Corporation\3D Vision\nvSCPAPI64.dll
0x000000006edd0000 - 0x000000006edea000 	C:\Program Files\Java\jdk1.8.0_161\jre\bin\net.dll
0x000007fefc570000 - 0x000007fefc5c5000 	C:\Windows\system32\mswsock.dll
0x000007fefc560000 - 0x000007fefc567000 	C:\Windows\System32\wship6.dll
0x000000006edb0000 - 0x000000006edc1000 	C:\Program Files\Java\jdk1.8.0_161\jre\bin\nio.dll
0x0000000072e50000 - 0x0000000072e92000 	C:\Program Files\Java\jdk1.8.0_161\jre\bin\t2k.dll
0x000007fef1410000 - 0x000007fef1535000 	C:\Windows\system32\dbghelp.dll

VM Arguments:
jvm_args: -Dfile.encoding=UTF-8 
java_command: view.frmPrincipal
java_class_path (initial): C:\Users\Pituba\Documents\NetBeansProjects\ControleMercados_1\lib\jaybird-3.0.4-javadoc.jar;C:\Users\Pituba\Documents\NetBeansProjects\ControleMercados_1\lib\jaybird-3.0.4-sources.jar;C:\Users\Pituba\Documents\NetBeansProjects\ControleMercados_1\lib\jaybird-3.0.4.jar;C:\Users\Pituba\Documents\NetBeansProjects\ControleMercados_1\lib\jaybird-full-3.0.4.jar;C:\Users\Pituba\Documents\NetBeansProjects\ControleMercados_1\lib\antlr-runtime-4.7.jar;C:\Users\Pituba\Documents\NetBeansProjects\ControleMercados_1\lib\connector-api-1.5.jar;C:\Users\Pituba\Documents\NetBeansProjects\ControleMercados_1\lib\jna-4.4.0.jar;C:\Users\Pituba\Documents\NetBeansProjects\ControleMercados_1\lib\jaybird-full-3.0.5.jar;C:\Users\Pituba\Documents\NetBeansProjects\ControleMercados_1\lib\jaybird-3.0.5-javadoc.jar;C:\Users\Pituba\Documents\NetBeansProjects\ControleMercados_1\lib\jaybird-3.0.5-sources.jar;C:\Users\Pituba\Documents\NetBeansProjects\ControleMercados_1\lib\jaybird-3.0.5.jar;C:\Users\Pituba\Documents\NetBeansProjects\ControleMercados_1\lib\IReport\libs\xalan.jar;C:\Users\Pituba\Documents\NetBeansProjects\ControleMercados_1\lib\IReport\ant-1.7.1.jar;C:\Users\Pituba\Documents\NetBeansProjects\ControleMercados_1\lib\IReport\antlr-2.7.6.jar;C:\Users\Pituba\Documents\NetBeansProjects\ControleMercados_1\lib\IReport\asm-attrs.jar;C:\Users\Pituba\Documents\NetBeansProjects\ControleMercados_1\lib\IReport\asm.jar;C:\Users\Pituba\Documents\NetBeansProjects\ControleMercados_1\lib\IReport\barbecue-1.5-beta1.jar;C:\Users\Pituba\Documents\NetBeansProjects\ControleMercados_1\lib\IReport\barcode4j-2.1.jar;C:\Users\Pituba\Documents\NetBeansProjects\ControleMercados_1\lib\IReport\batik-anim.jar;C:\Users\Pituba\Documents\NetBeansProjects\ControleMercados_1\lib\IReport\batik-awt-util.jar;C:\Users\Pituba\Documents\NetBeansProjects\ControleMercados_1\lib\IReport\batik-bridge.jar;C:\Users\Pituba\Documents\NetBeansProjects\ControleMercados_1\lib\IReport\batik-css.jar;C:\Users\Pitub
Launcher Type: SUN_STANDARD

Environment Variables:
PATH=C:\Program Files (x86)\Common Files\Oracle\Java\javapath;C:\ProgramData\Oracle\Java\javapath;C:\Program Files (x86)\NVIDIA Corporation\PhysX\Common;C:\Windows\system32;C:\Windows;C:\Windows\System32\Wbem;C:\Windows\System32\WindowsPowerShell\v1.0\;C:\Program Files\Java\jdk1.8.0_161\bin;C:\Program Files (x86)\Inno Setup 5;C:\Program Files (x86)\WiX Toolset v3.11\bin;C:\Program Files\MySQL\MySQL Server 5.5\bin;C:\Users\Pituba\AppData\Roaming\NetBeans\8.2\modules\ext\apache-ant-1.9.13\bin
USERNAME=Pituba
OS=Windows_NT
PROCESSOR_IDENTIFIER=Intel64 Family 15 Model 4 Stepping 9, GenuineIntel



---------------  S Y S T E M  ---------------

OS: Windows 7 , 64 bit Build 7601 (6.1.7601.24441)

CPU:total 2 (initial active 2) (1 cores per cpu, 2 threads per core) family 15 model 4 stepping 9, cmov, cx8, fxsr, mmx, sse, sse2, sse3, ht, tsc

Memory: 4k page, physical 2882040k(466600k free), swap 5762180k(3128856k free)

vm_info: Java HotSpot(TM) 64-Bit Server VM (25.161-b12) for windows-amd64 JRE (1.8.0_161-b12), built on Dec 19 2017 17:52:25 by "java_re" with MS VC++ 10.0 (VS2010)

time: Mon Jun 10 12:42:19 2019
elapsed time: 4 seconds (0d 0h 0m 4s)

